2025-05-15 16:19:11,560 - root - INFO - 日志系统初始化完成
2025-05-15 16:22:36,724 - root - INFO - 日志系统初始化完成
2025-05-15 16:24:41,293 - root - INFO - 日志系统初始化完成
2025-05-15 16:30:56,388 - root - INFO - 日志系统初始化完成
2025-05-15 16:36:10,672 - root - INFO - 日志系统初始化完成
2025-05-15 16:36:11,560 - root - INFO - 日志系统初始化完成
2025-05-15 16:36:59,693 - root - INFO - 日志系统初始化完成
2025-05-15 16:40:35,903 - root - INFO - 日志系统初始化完成
2025-05-15 16:47:57,992 - root - INFO - 日志系统初始化完成
2025-05-15 16:48:10,233 - root - INFO - 日志系统初始化完成
2025-05-15 16:48:10,253 - root - INFO - 启动应用服务器...
2025-05-15 16:48:11,041 - root - INFO - 日志系统初始化完成
2025-05-15 16:48:20,164 - root - INFO - 日志系统初始化完成
2025-05-15 16:48:36,126 - root - INFO - 日志系统初始化完成
2025-05-15 16:48:48,135 - root - INFO - 日志系统初始化完成
2025-05-15 16:49:06,400 - root - INFO - 日志系统初始化完成
2025-05-15 16:49:19,783 - root - INFO - 正在请求URL: https://weixin.sogou.com/weixin?type=2&s_from=input&query="dsd"&ie=utf8&_sug_=n&_sug_type_=
2025-05-15 16:49:19,783 - root - DEBUG - 请求头
2025-05-15 16:49:19,783 - root - WARNING - 请求头
2025-05-15 16:49:19,784 - root - ERROR - 请求头
2025-05-15 16:49:19,784 - root - CRITICAL - 请求头
